[11:17]: -0,016000	-0,020000	1,000000
[11:18]: -0,016000	-0,020000	1,000000
[11:18]: -0,016000	-0,020000	1,000000
[11:20]: -0,008000	-0,024000	1,000000
[11:20]: -0,008000	-0,024000	1,000000
[11:21]: -0,012000	-0,016000	0,988000
[11:22]: -0,012000	-0,016000	0,988000
[11:22]: -0,012000	-0,016000	0,988000
[11:23]: -0,008000	-0,016000	0,996000
[11:24]: -0,008000	-0,016000	0,996000
[11:25]: -0,008000	-0,016000	0,996000
[11:25]: -0,008000	-0,008000	0,996000
[11:26]: -0,008000	-0,008000	0,996000
[11:27]: -0,016000	-0,028000	1,000000
[11:27]: -0,016000	-0,028000	1,000000
[11:28]: -0,016000	-0,028000	1,000000
[11:29]: -0,016000	-0,020000	0,992000
[11:29]: -0,016000	-0,020000	0,992000
[11:30]: -0,016000	-0,020000	0,992000
[11:31]: -0,016000	-0,020000	0,992000
[11:31]: -0,008000	-0,012000	0,996000
[11:32]: -0,008000	-0,012000	0,996000
[11:32]: -0,008000	-0,012000	0,996000
[11:33]: -0,012000	-0,016000	0,988000
[11:33]: -0,012000	-0,016000	0,988000
[11:34]: -0,012000	-0,016000	0,988000
[11:34]: -0,012000	-0,016000	0,988000
[11:35]: -0,024000	-0,016000	0,992000
[11:36]: -0,024000	-0,016000	0,992000
[11:36]: -0,024000	-0,016000	0,992000
[11:37]: -0,012000	-0,016000	0,996000
[11:38]: -0,012000	-0,016000	0,996000
[11:38]: -0,012000	-0,016000	0,996000
[11:39]: -0,012000	-0,020000	0,988000
[11:39]: -0,012000	-0,020000	0,988000
[11:40]: -0,012000	-0,020000	0,988000
[11:41]: -0,008000	-0,016000	0,996000
[11:41]: -0,008000	-0,016000	0,996000
[11:42]: -0,008000	-0,016000	0,996000
[11:43]: -0,008000	-0,004000	0,996000
[11:43]: -0,008000	-0,004000	0,996000
[11:44]: -0,008000	-0,004000	0,996000
[11:45]: -0,008000	-0,004000	0,996000
[11:45]: -0,012000	-0,020000	1,000000
[11:46]: -0,012000	-0,020000	1,000000
[11:46]: -0,012000	-0,020000	1,000000
[11:47]: -0,008000	-0,012000	1,000000
[11:48]: -0,008000	-0,012000	1,000000
[11:48]: -0,008000	-0,012000	1,000000
[11:49]: -0,008000	-0,012000	1,000000
[11:49]: -0,004000	-0,008000	0,996000
[11:50]: -0,004000	-0,008000	0,996000
[11:50]: -0,004000	-0,008000	0,996000
[11:51]: -0,008000	-0,004000	1,024000
[11:52]: -0,008000	-0,004000	1,024000
[11:52]: -0,008000	-0,004000	1,024000
[11:53]: -0,012000	-0,016000	0,988000
[11:54]: -0,012000	-0,016000	0,988000
[11:54]: -0,012000	-0,016000	0,988000
[11:55]: -0,012000	-0,012000	0,992000
[11:56]: -0,012000	-0,012000	0,992000
[11:56]: -0,012000	-0,012000	0,992000
[11:57]: -0,012000	-0,016000	1,000000
[11:58]: -0,012000	-0,016000	1,000000
[11:59]: -0,012000	-0,016000	1,000000
[11:59]: -0,012000	-0,012000	1,008000
[11:00]: -0,012000	-0,012000	1,008000
[11:01]: -0,012000	-0,012000	1,008000
[11:01]: -0,012000	-0,016000	0,988000
[11:02]: -0,012000	-0,016000	0,988000
[11:03]: -0,012000	-0,016000	0,988000
[11:03]: -0,016000	-0,024000	1,004000
[11:04]: -0,016000	-0,024000	1,004000
[11:05]: -0,016000	-0,024000	1,004000
[11:05]: -0,008000	-0,020000	1,000000
[11:06]: -0,008000	-0,020000	1,000000
[11:07]: -0,008000	-0,020000	1,000000
[11:07]: -0,008000	-0,020000	0,988000
[11:09]: -0,008000	-0,020000	0,988000
[11:09]: -0,012000	-0,020000	0,996000
[11:10]: -0,012000	-0,020000	0,996000
[11:11]: -0,012000	-0,020000	0,996000
[11:12]: -0,008000	-0,012000	1,004000
[11:12]: -0,008000	-0,012000	1,004000
[11:13]: -0,016000	-0,012000	1,004000
[11:14]: -0,016000	-0,012000	1,004000
[11:14]: -0,016000	-0,012000	1,004000
[11:15]: -0,008000	-0,016000	1,004000
[11:16]: -0,008000	-0,016000	1,004000
[11:16]: -0,008000	-0,016000	1,004000
[11:17]: -0,008000	-0,020000	0,984000
[11:18]: -0,008000	-0,020000	0,984000
[11:18]: -0,008000	-0,020000	0,984000
[11:19]: -0,012000	-0,012000	0,996000
[11:20]: -0,012000	-0,012000	0,996000
[11:20]: -0,012000	-0,012000	0,996000
[11:22]: -0,020000	-0,020000	0,992000
[11:22]: -0,020000	-0,020000	0,992000
[11:23]: -0,020000	-0,020000	0,992000
