[11:45:05]: [32m[Client] Not connected to server. Checking connection.
[0m[11:45:05]: [32m[Client] Contacting 192.168.0.200 on ports 51717,51718,51719
[0m[11:45:05]: [32m[Client] Socket connected. File descriptor: 13
[0m[11:45:05]: [32m[Client] Socket connected. File descriptor: 14
[0m[11:45:05]: [32m[Client] Socket connected. File descriptor: 15
[0m[11:45:05]: [32m[Client] Connected
[0m[11:45:05]: [32m[Client] Sending Magnitude: 4
[0m[11:45:05]: [32m[Client] Magnitude sent
[0m[11:45:05]: [32m[Client] Sending Stars: 5
[0m[11:45:05]: [32m[Client] Stars sent
[0m[11:45:05]: [32m[Client] Sending Threshold: 100
[0m[11:45:05]: [32m[Client] Threshold sent
[0m[11:45:05]: [32m[Client] Sending Brightness: 0
[0m[11:45:05]: [32m[Client] Brightness sent
[0m[11:45:05]: [32m[Client] Sending Gamma: 100
[0m[11:45:05]: [32m[Client] Gamma sent
[0m[11:45:05]: [32m[Client] Sending Exposure: 200
[0m[11:45:05]: [32m[Client] Exposure sent
[0m[11:45:05]: [32m[Client] Sending Binary threshold: 50
[0m[11:45:05]: [32m[Client] Binary threshold sent
[0m[11:45:05]: [32m[Client] Sending Canny threshold: 100
[0m[11:45:05]: [32m[Client] Canny threshold sent
[0m[11:45:05]: [32m[Client] Sending altitude determination mode
[0m[11:45:05]: [32m[Client] Altitude determination mode sent
[0m[11:45:05]: [32m[Client] Sending Maximum bandwith: 0
[0m[11:45:05]: [32m[Client] Maximum bandwith sent
[0m[11:45:10]: [32m[Client] Start measures signal sent.
[0m[11:45:10]: [32m[Client] Sending Magnitude: 4
[0m[11:45:10]: [32m[Client] Magnitude sent
[0m[11:45:10]: [32m[Client] Sending Stars: 5
[0m[11:45:10]: [32m[Client] Stars sent
[0m[11:45:10]: [32m[Client] Sending Threshold: 100
[0m[11:45:10]: [32m[Client] Threshold sent
[0m[11:45:10]: [32m[Client] Sending Brightness: 0
[0m[11:45:10]: [32m[Client] Brightness sent
[0m[11:45:10]: [32m[Client] Sending Gamma: 100
[0m[11:45:10]: [32m[Client] Gamma sent
[0m[11:45:10]: [32m[Client] Sending Exposure: 200
[0m[11:45:10]: [32m[Client] Exposure sent
[0m[11:45:10]: [32m[Client] Sending Binary threshold: 50
[0m[11:45:10]: [32m[Client] Binary threshold sent
[0m[11:45:10]: [32m[Client] Sending Canny threshold: 100
[0m[11:45:10]: [32m[Client] Canny threshold sent
[0m[11:45:10]: [32m[Client] Sending altitude determination mode
[0m[11:45:10]: [32m[Client] Altitude determination mode sent
[0m[11:45:10]: [32m[Client] Sending Maximum bandwith: 0
[0m[11:45:10]: [32m[Client] Maximum bandwith sent
[0m[11:45:17]: [34m[Data] Magnetometer measures:  0,209091	0,064545	-0,223469
[0m[11:45:17]: [34m[Data] Accelerometer measures: -0,016000	-0,020000	1,000000
[0m[11:45:17]: [34m[Data] General temperature: 32000
[0m[11:45:17]: [34m[Data] Camera temperature: 0
[0m[11:45:17]: [34m[Data] CPU temperature: 58376
[0m[11:45:17]: [34m[Data] Magnetometer temperature: 17000
[0m[11:45:18]: [34m[Data] Magnetometer measures:  0,209091	0,064545	-0,223469
[0m[11:45:18]: [34m[Data] Accelerometer measures: -0,016000	-0,020000	1,000000
[0m[11:45:18]: [34m[Data] General temperature: 32000
[0m[11:45:18]: [34m[Data] Camera temperature: 0
[0m[11:45:18]: [34m[Data] CPU temperature: 58376
[0m[11:45:18]: [34m[Data] Magnetometer temperature: 17000
[0m[11:45:18]: [34m[Data] Magnetometer measures:  0,209091	0,064545	-0,223469
[0m[11:45:18]: [34m[Data] Accelerometer measures: -0,016000	-0,020000	1,000000
[0m[11:45:18]: [34m[Data] General temperature: 32000
[0m[11:45:18]: [34m[Data] Camera temperature: 0
[0m[11:45:18]: [34m[Data] CPU temperature: 58376
[0m[11:45:18]: [34m[Data] Magnetometer temperature: 17000
[0mbufferfilename: ./images/image1410860719.raw
[11:45:19]: [35m[Image] Calling "imageConvert" to convert images/image.raw into images/image.bmp
[0mbufferfilename: ./images/image1410860719.raw
bufferfilename: ./images/image1410860719.raw
[ImageConvert] Converting images/image.raw into images/image.bmp
bufferfilename: ./images/image1410860719.raw
[11:45:20]: [34m[Data] Magnetometer measures:  0,207273	0,064545	-0,221429
[0m[11:45:20]: [34m[Data] Accelerometer measures: -0,008000	-0,024000	1,000000
[0m[11:45:20]: [34m[Data] General temperature: 32000
[0m[11:45:20]: [34m[Data] Camera temperature: 0
[0m[11:45:20]: [34m[Data] CPU temperature: 58376
[0m[11:45:20]: [34m[Data] Magnetometer temperature: 17000
[0m[11:45:20]: [34m[Data] Magnetometer measures:  0,207273	0,064545	-0,221429
[0m[11:45:20]: [34m[Data] Accelerometer measures: -0,008000	-0,024000	1,000000
[0m[11:45:20]: [34m[Data] General temperature: 32000
[0m[11:45:20]: [34m[Data] Camera temperature: 0
[0m[11:45:20]: [34m[Data] CPU temperature: 58376
[0m[11:45:20]: [34m[Data] Magnetometer temperature: 17000
[0m[11:45:21]: [34m[Data] Magnetometer measures:  0,207273	0,065455	-0,225510
[0m[11:45:21]: [34m[Data] Accelerometer measures: -0,012000	-0,016000	0,988000
[0m[11:45:21]: [34m[Data] General temperature: 32000
[0m[11:45:21]: [34m[Data] Camera temperature: 0
[0m[11:45:21]: [34m[Data] CPU temperature: 58376
[0m[11:45:21]: [34m[Data] Magnetometer temperature: 17000
[0mbufferfilename: ./images/image1410860721.raw
[11:45:21]: [35m[Image] Calling "imageConvert" to convert images/image.raw into images/image.bmp
[0mbufferfilename: ./images/image1410860721.raw
bufferfilename: ./images/image1410860721.raw
[ImageConvert] Converting images/image.raw into images/image.bmp
bufferfilename: ./images/image1410860721.raw
[11:45:22]: [34m[Data] Magnetometer measures:  0,207273	0,065455	-0,225510
[0m[11:45:22]: [34m[Data] Accelerometer measures: -0,012000	-0,016000	0,988000
[0m[11:45:22]: [34m[Data] General temperature: 32000
[0m[11:45:22]: [34m[Data] Camera temperature: 0
[0m[11:45:22]: [34m[Data] CPU temperature: 58376
[0m[11:45:22]: [34m[Data] Magnetometer temperature: 17000
[0m[11:45:22]: [34m[Data] Magnetometer measures:  0,207273	0,065455	-0,225510
[0m[11:45:22]: [34m[Data] Accelerometer measures: -0,012000	-0,016000	0,988000
[0m[11:45:22]: [34m[Data] General temperature: 32000
[0m[11:45:22]: [34m[Data] Camera temperature: 0
[0m[11:45:22]: [34m[Data] CPU temperature: 58376
[0m[11:45:22]: [34m[Data] Magnetometer temperature: 17000
[0m[11:45:23]: [34m[Data] Magnetometer measures:  0,206364	0,064545	-0,221429
[0m[11:45:23]: [34m[Data] Accelerometer measures: -0,008000	-0,016000	0,996000
[0m[11:45:23]: [34m[Data] General temperature: 32000
[0m[11:45:23]: [34m[Data] Camera temperature: 0
[0m[11:45:23]: [34m[Data] CPU temperature: 58376
[0m[11:45:23]: [34m[Data] Magnetometer temperature: 17000
[0mbufferfilename: ./images/image1410860723.raw
[11:45:23]: [35m[Image] Calling "imageConvert" to convert images/image.raw into images/image.bmp
[0mbufferfilename: ./images/image1410860723.raw
bufferfilename: ./images/image1410860723.raw
[ImageConvert] Converting images/image.raw into images/image.bmp
bufferfilename: ./images/image1410860723.raw
[11:45:24]: [34m[Data] Magnetometer measures:  0,206364	0,064545	-0,221429
[0m[11:45:24]: [34m[Data] Accelerometer measures: -0,008000	-0,016000	0,996000
[0m[11:45:24]: [34m[Data] General temperature: 32000
[0m[11:45:24]: [34m[Data] Camera temperature: 0
[0m[11:45:24]: [34m[Data] CPU temperature: 58376
[0m[11:45:24]: [34m[Data] Magnetometer temperature: 17000
[0m[11:45:25]: [34m[Data] Magnetometer measures:  0,206364	0,064545	-0,221429
[0m[11:45:25]: [34m[Data] Accelerometer measures: -0,008000	-0,016000	0,996000
[0m[11:45:25]: [34m[Data] General temperature: 32000
[0m[11:45:25]: [34m[Data] Camera temperature: 0
[0m[11:45:25]: [34m[Data] CPU temperature: 58376
[0m[11:45:25]: [34m[Data] Magnetometer temperature: 17000
[0m[11:45:25]: [34m[Data] Magnetometer measures:  0,208182	0,064545	-0,220408
[0m[11:45:25]: [34m[Data] Accelerometer measures: -0,008000	-0,008000	0,996000
[0m[11:45:25]: [34m[Data] General temperature: 32000
[0m[11:45:25]: [34m[Data] Camera temperature: 0
[0m[11:45:25]: [34m[Data] CPU temperature: 58376
[0m[11:45:25]: [34m[Data] Magnetometer temperature: 17000
[0mbufferfilename: ./images/image1410860726.raw
bufferfilename: ./images/image1410860726.raw
[11:45:26]: [35m[Image] Calling "imageConvert" to convert images/image.raw into images/image.bmp
[0mbufferfilename: ./images/image1410860726.raw
[ImageConvert] Converting images/image.raw into images/image.bmp
bufferfilename: ./images/image1410860726.raw
[11:45:26]: [34m[Data] Magnetometer measures:  0,208182	0,064545	-0,220408
[0m[11:45:26]: [34m[Data] Accelerometer measures: -0,008000	-0,008000	0,996000
[0m[11:45:26]: [34m[Data] General temperature: 32000
[0m[11:45:26]: [34m[Data] Camera temperature: 0
[0m[11:45:26]: [34m[Data] CPU temperature: 58376
[0m[11:45:26]: [34m[Data] Magnetometer temperature: 17000
[0m[11:45:27]: [34m[Data] Magnetometer measures:  0,207273	0,064545	-0,222449
[0m[11:45:27]: [34m[Data] Accelerometer measures: -0,016000	-0,028000	1,000000
[0m[11:45:27]: [34m[Data] General temperature: 32000
[0m[11:45:27]: [34m[Data] Camera temperature: 0
[0m[11:45:27]: [34m[Data] CPU temperature: 58376
[0m[11:45:27]: [34m[Data] Magnetometer temperature: 17000
[0m[11:45:27]: [34m[Data] Magnetometer measures:  0,207273	0,064545	-0,222449
[0m[11:45:27]: [34m[Data] Accelerometer measures: -0,016000	-0,028000	1,000000
[0m[11:45:27]: [34m[Data] General temperature: 32000
[0m[11:45:27]: [34m[Data] Camera temperature: 0
[0m[11:45:27]: [34m[Data] CPU temperature: 58376
[0m[11:45:27]: [34m[Data] Magnetometer temperature: 17000
[0mbufferfilename: ./images/image1410860728.raw
bufferfilename: ./images/image1410860728.raw
bufferfilename: ./images/image1410860728.raw
[11:45:28]: [35m[Image] Calling "imageConvert" to convert images/image.raw into images/image.bmp
[0m[ImageConvert] Converting images/image.raw into images/image.bmp
bufferfilename: ./images/image1410860728.raw
[11:45:28]: [34m[Data] Magnetometer measures:  0,207273	0,064545	-0,222449
[0m[11:45:28]: [34m[Data] Accelerometer measures: -0,016000	-0,028000	1,000000
[0m[11:45:28]: [34m[Data] General temperature: 32000
[0m[11:45:28]: [34m[Data] Camera temperature: 0
[0m[11:45:28]: [34m[Data] CPU temperature: 58376
[0m[11:45:28]: [34m[Data] Magnetometer temperature: 17000
[0m[11:45:29]: [34m[Data] Magnetometer measures:  0,209091	0,062727	-0,221429
[0m[11:45:29]: [34m[Data] Accelerometer measures: -0,016000	-0,020000	0,992000
[0m[11:45:29]: [34m[Data] General temperature: 32000
[0m[11:45:29]: [34m[Data] Camera temperature: 0
[0m[11:45:29]: [34m[Data] CPU temperature: 58376
[0m[11:45:29]: [34m[Data] Magnetometer temperature: 17000
[0m[11:45:29]: [34m[Data] Magnetometer measures:  0,209091	0,062727	-0,221429
[0m[11:45:29]: [34m[Data] Accelerometer measures: -0,016000	-0,020000	0,992000
[0m[11:45:29]: [34m[Data] General temperature: 32000
[0m[11:45:29]: [34m[Data] Camera temperature: 0
[0m[11:45:29]: [34m[Data] CPU temperature: 58376
[0m[11:45:29]: [34m[Data] Magnetometer temperature: 17000
[0mbufferfilename: ./images/image1410860729.raw
[11:45:29]: [35m[Image] Calling "imageConvert" to convert images/image.raw into images/image.bmp
[0mbufferfilename: ./images/image1410860729.raw
bufferfilename: ./images/image1410860729.raw
[ImageConvert] Converting images/image.raw into images/image.bmp
bufferfilename: ./images/image1410860729.raw
[11:45:30]: [34m[Data] Magnetometer measures:  0,209091	0,062727	-0,221429
[0m[11:45:30]: [34m[Data] Accelerometer measures: -0,016000	-0,020000	0,992000
[0m[11:45:30]: [34m[Data] General temperature: 32000
[0m[11:45:30]: [34m[Data] Camera temperature: 0
[0m[11:45:30]: [34m[Data] CPU temperature: 58376
[0m[11:45:30]: [34m[Data] Magnetometer temperature: 17000
[0m[11:45:31]: [34m[Data] Magnetometer measures:  0,209091	0,062727	-0,221429
[0m[11:45:31]: [34m[Data] Accelerometer measures: -0,016000	-0,020000	0,992000
[0m[11:45:31]: [34m[Data] General temperature: 32000
[0m[11:45:31]: [34m[Data] Camera temperature: 0
[0m[11:45:31]: [34m[Data] CPU temperature: 58376
[0m[11:45:31]: [34m[Data] Magnetometer temperature: 17000
[0m[11:45:31]: [34m[Data] Magnetometer measures:  0,207273	0,063636	-0,222449
[0m[11:45:31]: [34m[Data] Accelerometer measures: -0,008000	-0,012000	0,996000
[0m[11:45:31]: [34m[Data] General temperature: 31500
[0m[11:45:31]: [34m[Data] Camera temperature: 0
[0m[11:45:31]: [34m[Data] CPU temperature: 58376
[0m[11:45:31]: [34m[Data] Magnetometer temperature: 17000
[0m[11:45:31]: [36m[Camera] Exposure value changed to 50
[0m[11:45:31]: [32m[Client] Sending Exposure: 50
[0m[11:45:31]: [32m[Client] Exposure sent
[0mbufferfilename: ./images/image1410860731.raw
[11:45:31]: [35m[Image] Calling "imageConvert" to convert images/image.raw into images/image.bmp
[0mbufferfilename: ./images/image1410860731.raw
bufferfilename: ./images/image1410860731.raw
[ImageConvert] Converting images/image.raw into images/image.bmp
bufferfilename: ./images/image1410860731.raw
[11:45:32]: [34m[Data] Magnetometer measures:  0,207273	0,063636	-0,222449
[0m[11:45:32]: [34m[Data] Accelerometer measures: -0,008000	-0,012000	0,996000
[0m[11:45:32]: [34m[Data] General temperature: 31500
[0m[11:45:32]: [34m[Data] Camera temperature: 0
[0m[11:45:32]: [34m[Data] CPU temperature: 58376
[0m[11:45:32]: [34m[Data] Magnetometer temperature: 17000
[0m[11:45:32]: [34m[Data] Magnetometer measures:  0,207273	0,063636	-0,222449
[0m[11:45:32]: [34m[Data] Accelerometer measures: -0,008000	-0,012000	0,996000
[0m[11:45:32]: [34m[Data] General temperature: 31500
[0m[11:45:32]: [34m[Data] Camera temperature: 0
[0m[11:45:32]: [34m[Data] CPU temperature: 58376
[0m[11:45:32]: [34m[Data] Magnetometer temperature: 17000
[0m[11:45:33]: [34m[Data] Magnetometer measures:  0,208182	0,062727	-0,223469
[0m[11:45:33]: [34m[Data] Accelerometer measures: -0,012000	-0,016000	0,988000
[0m[11:45:33]: [34m[Data] General temperature: 31500
[0m[11:45:33]: [34m[Data] Camera temperature: 0
[0m[11:45:33]: [34m[Data] CPU temperature: 58376
[0m[11:45:33]: [34m[Data] Magnetometer temperature: 17000
[0m[11:45:33]: [34m[Data] Magnetometer measures:  0,208182	0,062727	-0,223469
[0m[11:45:33]: [34m[Data] Accelerometer measures: -0,012000	-0,016000	0,988000
[0m[11:45:33]: [34m[Data] General temperature: 31500
[0m[11:45:33]: [34m[Data] Camera temperature: 0
[0m[11:45:33]: [34m[Data] CPU temperature: 58376
[0m[11:45:33]: [34m[Data] Magnetometer temperature: 17000
[0m[11:45:34]: [34m[Data] Magnetometer measures:  0,208182	0,062727	-0,223469
[0m[11:45:34]: [34m[Data] Accelerometer measures: -0,012000	-0,016000	0,988000
[0m[11:45:34]: [34m[Data] General temperature: 31500
[0m[11:45:34]: [34m[Data] Camera temperature: 0
[0m[11:45:34]: [34m[Data] CPU temperature: 58376
[0m[11:45:34]: [34m[Data] Magnetometer temperature: 17000
[0m[11:45:34]: [34m[Data] Magnetometer measures:  0,208182	0,062727	-0,223469
[0m[11:45:34]: [34m[Data] Accelerometer measures: -0,012000	-0,016000	0,988000
[0m[11:45:34]: [34m[Data] General temperature: 31500
[0m[11:45:34]: [34m[Data] Camera temperature: 0
[0m[11:45:34]: [34m[Data] CPU temperature: 58376
[0m[11:45:34]: [34m[Data] Magnetometer temperature: 17000
[0mbufferfilename: ./images/image1410860735.raw
[11:45:35]: [35m[Image] Calling "imageConvert" to convert images/image.raw into images/image.bmp
[0mbufferfilename: ./images/image1410860735.raw
bufferfilename: ./images/image1410860735.raw
[ImageConvert] Converting images/image.raw into images/image.bmp
bufferfilename: ./images/image1410860735.raw
[11:45:35]: [34m[Data] Magnetometer measures:  0,210000	0,061818	-0,222449
[0m[11:45:35]: [34m[Data] Accelerometer measures: -0,024000	-0,016000	0,992000
[0m[11:45:35]: [34m[Data] General temperature: 31500
[0m[11:45:35]: [34m[Data] Camera temperature: 0
[0m[11:45:35]: [34m[Data] CPU temperature: 58376
[0m[11:45:35]: [34m[Data] Magnetometer temperature: 17000
[0m[11:45:36]: [34m[Data] Magnetometer measures:  0,210000	0,061818	-0,222449
[0m[11:45:36]: [34m[Data] Accelerometer measures: -0,024000	-0,016000	0,992000
[0m[11:45:36]: [34m[Data] General temperature: 31500
[0m[11:45:36]: [34m[Data] Camera temperature: 0
[0m[11:45:36]: [34m[Data] CPU temperature: 58376
[0m[11:45:36]: [34m[Data] Magnetometer temperature: 17000
[0m[11:45:36]: [34m[Data] Magnetometer measures:  0,210000	0,061818	-0,222449
[0m[11:45:36]: [34m[Data] Accelerometer measures: -0,024000	-0,016000	0,992000
[0m[11:45:36]: [34m[Data] General temperature: 31500
[0m[11:45:36]: [34m[Data] Camera temperature: 0
[0m[11:45:36]: [34m[Data] CPU temperature: 58376
[0m[11:45:36]: [34m[Data] Magnetometer temperature: 17000
[0mbufferfilename: ./images/image1410860737.raw
[11:45:37]: [35m[Image] Calling "imageConvert" to convert images/image.raw into images/image.bmp
[0mbufferfilename: ./images/image1410860737.raw
bufferfilename: ./images/image1410860737.raw
[ImageConvert] Converting images/image.raw into images/image.bmp
bufferfilename: ./images/image1410860737.raw
[11:45:37]: [34m[Data] Magnetometer measures:  0,208182	0,063636	-0,220408
[0m[11:45:37]: [34m[Data] Accelerometer measures: -0,012000	-0,016000	0,996000
[0m[11:45:37]: [34m[Data] General temperature: 31500
[0m[11:45:37]: [34m[Data] Camera temperature: 0
[0m[11:45:37]: [34m[Data] CPU temperature: 58376
[0m[11:45:37]: [34m[Data] Magnetometer temperature: 17000
[0m[11:45:38]: [34m[Data] Magnetometer measures:  0,208182	0,063636	-0,220408
[0m[11:45:38]: [34m[Data] Accelerometer measures: -0,012000	-0,016000	0,996000
[0m[11:45:38]: [34m[Data] General temperature: 31500
[0m[11:45:38]: [34m[Data] Camera temperature: 0
[0m[11:45:38]: [34m[Data] CPU temperature: 58376
[0m[11:45:38]: [34m[Data] Magnetometer temperature: 17000
[0m[11:45:38]: [34m[Data] Magnetometer measures:  0,208182	0,063636	-0,220408
[0m[11:45:38]: [34m[Data] Accelerometer measures: -0,012000	-0,016000	0,996000
[0m[11:45:38]: [34m[Data] General temperature: 31500
[0m[11:45:38]: [34m[Data] Camera temperature: 0
[0m[11:45:38]: [34m[Data] CPU temperature: 58376
[0m[11:45:38]: [34m[Data] Magnetometer temperature: 17000
[0mbufferfilename: ./images/image1410860738.raw
[11:45:38]: [35m[Image] Calling "imageConvert" to convert images/image.raw into images/image.bmp
[0mbufferfilename: ./images/image1410860738.raw
bufferfilename: ./images/image1410860738.raw
[ImageConvert] Converting images/image.raw into images/image.bmp
bufferfilename: ./images/image1410860738.raw
[11:45:39]: [34m[Data] Magnetometer measures:  0,208182	0,060909	-0,225510
[0m[11:45:39]: [34m[Data] Accelerometer measures: -0,012000	-0,020000	0,988000
[0m[11:45:39]: [34m[Data] General temperature: 31500
[0m[11:45:39]: [34m[Data] Camera temperature: 0
[0m[11:45:39]: [34m[Data] CPU temperature: 58376
[0m[11:45:39]: [34m[Data] Magnetometer temperature: 17000
[0m[11:45:39]: [34m[Data] Magnetometer measures:  0,208182	0,060909	-0,225510
[0m[11:45:39]: [34m[Data] Accelerometer measures: -0,012000	-0,020000	0,988000
[0m[11:45:39]: [34m[Data] General temperature: 31500
[0m[11:45:39]: [34m[Data] Camera temperature: 0
[0m[11:45:39]: [34m[Data] CPU temperature: 58376
[0m[11:45:39]: [34m[Data] Magnetometer temperature: 17000
[0m[11:45:40]: [34m[Data] Magnetometer measures:  0,208182	0,060909	-0,225510
[0m[11:45:40]: [34m[Data] Accelerometer measures: -0,012000	-0,020000	0,988000
[0m[11:45:40]: [34m[Data] General temperature: 31500
[0m[11:45:40]: [34m[Data] Camera temperature: 0
[0m[11:45:40]: [34m[Data] CPU temperature: 58376
[0m[11:45:40]: [34m[Data] Magnetometer temperature: 17000
[0mbufferfilename: ./images/image1410860740.raw
[11:45:40]: [35m[Image] Calling "imageConvert" to convert images/image.raw into images/image.bmp
[0mbufferfilename: ./images/image1410860740.raw
bufferfilename: ./images/image1410860740.raw
[ImageConvert] Converting images/image.raw into images/image.bmp
bufferfilename: ./images/image1410860740.raw
[11:45:41]: [34m[Data] Magnetometer measures:  0,209091	0,062727	-0,220408
[0m[11:45:41]: [34m[Data] Accelerometer measures: -0,008000	-0,016000	0,996000
[0m[11:45:41]: [34m[Data] General temperature: 31500
[0m[11:45:41]: [34m[Data] Camera temperature: 0
[0m[11:45:41]: [34m[Data] CPU temperature: 58376
[0m[11:45:41]: [34m[Data] Magnetometer temperature: 17000
[0m[11:45:41]: [34m[Data] Magnetometer measures:  0,209091	0,062727	-0,220408
[0m[11:45:41]: [34m[Data] Accelerometer measures: -0,008000	-0,016000	0,996000
[0m[11:45:41]: [34m[Data] General temperature: 31500
[0m[11:45:41]: [34m[Data] Camera temperature: 0
[0m[11:45:41]: [34m[Data] CPU temperature: 58376
[0m[11:45:41]: [34m[Data] Magnetometer temperature: 17000
[0m[11:45:42]: [34m[Data] Magnetometer measures:  0,209091	0,062727	-0,220408
[0m[11:45:42]: [34m[Data] Accelerometer measures: -0,008000	-0,016000	0,996000
[0m[11:45:42]: [34m[Data] General temperature: 31500
[0m[11:45:42]: [34m[Data] Camera temperature: 0
[0m[11:45:42]: [34m[Data] CPU temperature: 58376
[0m[11:45:42]: [34m[Data] Magnetometer temperature: 17000
[0mbufferfilename: ./images/image1410860742.raw
[11:45:42]: [35m[Image] Calling "imageConvert" to convert images/image.raw into images/image.bmp
[0mbufferfilename: ./images/image1410860742.raw
bufferfilename: ./images/image1410860742.raw
[ImageConvert] Converting images/image.raw into images/image.bmp
bufferfilename: ./images/image1410860742.raw
[11:45:43]: [34m[Data] Magnetometer measures:  0,205455	0,060909	-0,223469
[0m[11:45:43]: [34m[Data] Accelerometer measures: -0,008000	-0,004000	0,996000
[0m[11:45:43]: [34m[Data] General temperature: 31500
[0m[11:45:43]: [34m[Data] Camera temperature: 0
[0m[11:45:43]: [34m[Data] CPU temperature: 58376
[0m[11:45:43]: [34m[Data] Magnetometer temperature: 17000
[0m[11:45:43]: [34m[Data] Magnetometer measures:  0,205455	0,060909	-0,223469
[0m[11:45:43]: [34m[Data] Accelerometer measures: -0,008000	-0,004000	0,996000
[0m[11:45:43]: [34m[Data] General temperature: 31500
[0m[11:45:43]: [34m[Data] Camera temperature: 0
[0m[11:45:43]: [34m[Data] CPU temperature: 58376
[0m[11:45:43]: [34m[Data] Magnetometer temperature: 17000
[0m[11:45:44]: [34m[Data] Magnetometer measures:  0,205455	0,060909	-0,223469
[0m[11:45:44]: [34m[Data] Accelerometer measures: -0,008000	-0,004000	0,996000
[0m[11:45:44]: [34m[Data] General temperature: 31500
[0m[11:45:44]: [34m[Data] Camera temperature: 0
[0m[11:45:44]: [34m[Data] CPU temperature: 58376
[0m[11:45:44]: [34m[Data] Magnetometer temperature: 17000
[0mbufferfilename: ./images/image1410860744.raw
[11:45:44]: [35m[Image] Calling "imageConvert" to convert images/image.raw into images/image.bmp
[0mbufferfilename: ./images/image1410860744.raw
bufferfilename: ./images/image1410860744.raw
[ImageConvert] Converting images/image.raw into images/image.bmp
bufferfilename: ./images/image1410860744.raw
[11:45:45]: [34m[Data] Magnetometer measures:  0,205455	0,060909	-0,223469
[0m[11:45:45]: [34m[Data] Accelerometer measures: -0,008000	-0,004000	0,996000
[0m[11:45:45]: [34m[Data] General temperature: 31500
[0m[11:45:45]: [34m[Data] Camera temperature: 0
[0m[11:45:45]: [34m[Data] CPU temperature: 58376
[0m[11:45:45]: [34m[Data] Magnetometer temperature: 17000
[0m[11:45:45]: [34m[Data] Magnetometer measures:  0,208182	0,060000	-0,224490
[0m[11:45:45]: [34m[Data] Accelerometer measures: -0,012000	-0,020000	1,000000
[0m[11:45:45]: [34m[Data] General temperature: 31500
[0m[11:45:45]: [34m[Data] Camera temperature: 0
[0m[11:45:45]: [34m[Data] CPU temperature: 58376
[0m[11:45:45]: [34m[Data] Magnetometer temperature: 17000
[0m[11:45:46]: [34m[Data] Magnetometer measures:  0,208182	0,060000	-0,224490
[0m[11:45:46]: [34m[Data] Accelerometer measures: -0,012000	-0,020000	1,000000
[0m[11:45:46]: [34m[Data] General temperature: 31500
[0m[11:45:46]: [34m[Data] Camera temperature: 0
[0m[11:45:46]: [34m[Data] CPU temperature: 58376
[0m[11:45:46]: [34m[Data] Magnetometer temperature: 17000
[0mbufferfilename: ./images/image1410860746.raw
[11:45:46]: [35m[Image] Calling "imageConvert" to convert images/image.raw into images/image.bmp
[0mbufferfilename: ./images/image1410860746.raw
bufferfilename: ./images/image1410860746.raw
[ImageConvert] Converting images/image.raw into images/image.bmp
bufferfilename: ./images/image1410860746.raw
[11:45:46]: [34m[Data] Magnetometer measures:  0,208182	0,060000	-0,224490
[0m[11:45:46]: [34m[Data] Accelerometer measures: -0,012000	-0,020000	1,000000
[0m[11:45:46]: [34m[Data] General temperature: 31500
[0m[11:45:46]: [34m[Data] Camera temperature: 0
[0m[11:45:46]: [34m[Data] CPU temperature: 58376
[0m[11:45:46]: [34m[Data] Magnetometer temperature: 17000
[0m[11:45:47]: [34m[Data] Magnetometer measures:  0,208182	0,060909	-0,217347
[0m[11:45:47]: [34m[Data] Accelerometer measures: -0,008000	-0,012000	1,000000
[0m[11:45:47]: [34m[Data] General temperature: 31500
[0m[11:45:47]: [34m[Data] Camera temperature: 0
[0m[11:45:47]: [34m[Data] CPU temperature: 58376
[0m[11:45:47]: [34m[Data] Magnetometer temperature: 17000
[0m[11:45:48]: [34m[Data] Magnetometer measures:  0,208182	0,060909	-0,217347
[0m[11:45:48]: [34m[Data] Accelerometer measures: -0,008000	-0,012000	1,000000
[0m[11:45:48]: [34m[Data] General temperature: 31500
[0m[11:45:48]: [34m[Data] Camera temperature: 0
[0m[11:45:48]: [34m[Data] CPU temperature: 58376
[0m[11:45:48]: [34m[Data] Magnetometer temperature: 17000
[0m[11:45:48]: [34m[Data] Magnetometer measures:  0,208182	0,060909	-0,217347
[0m[11:45:48]: [34m[Data] Accelerometer measures: -0,008000	-0,012000	1,000000
[0m[11:45:48]: [34m[Data] General temperature: 31500
[0m[11:45:48]: [34m[Data] Camera temperature: 0
[0m[11:45:48]: [34m[Data] CPU temperature: 58376
[0m[11:45:48]: [34m[Data] Magnetometer temperature: 17000
[0m[11:45:49]: [34m[Data] Magnetometer measures:  0,208182	0,060909	-0,217347
[0m[11:45:49]: [34m[Data] Accelerometer measures: -0,008000	-0,012000	1,000000
[0m[11:45:49]: [34m[Data] General temperature: 31500
[0m[11:45:49]: [34m[Data] Camera temperature: 0
[0m[11:45:49]: [34m[Data] CPU temperature: 58376
[0m[11:45:49]: [34m[Data] Magnetometer temperature: 17000
[0m[11:45:49]: [34m[Data] Magnetometer measures:  0,208182	0,061818	-0,223469
[0m[11:45:49]: [34m[Data] Accelerometer measures: -0,004000	-0,008000	0,996000
[0m[11:45:49]: [34m[Data] General temperature: 31500
[0m[11:45:49]: [34m[Data] Camera temperature: 0
[0m[11:45:49]: [34m[Data] CPU temperature: 58376
[0m[11:45:49]: [34m[Data] Magnetometer temperature: 17000
[0mbufferfilename: ./images/image1410860749.raw
[11:45:49]: [35m[Image] Calling "imageConvert" to convert images/image.raw into images/image.bmp
[0mbufferfilename: ./images/image1410860749.raw
bufferfilename: ./images/image1410860749.raw
[ImageConvert] Converting images/image.raw into images/image.bmp
bufferfilename: ./images/image1410860749.raw
[11:45:50]: [34m[Data] Magnetometer measures:  0,208182	0,061818	-0,223469
[0m[11:45:50]: [34m[Data] Accelerometer measures: -0,004000	-0,008000	0,996000
[0m[11:45:50]: [34m[Data] General temperature: 31500
[0m[11:45:50]: [34m[Data] Camera temperature: 0
[0m[11:45:50]: [34m[Data] CPU temperature: 58376
[0m[11:45:50]: [34m[Data] Magnetometer temperature: 17000
[0m[11:45:50]: [34m[Data] Magnetometer measures:  0,208182	0,061818	-0,223469
[0m[11:45:50]: [34m[Data] Accelerometer measures: -0,004000	-0,008000	0,996000
[0m[11:45:50]: [34m[Data] General temperature: 31500
[0m[11:45:50]: [34m[Data] Camera temperature: 0
[0m[11:45:50]: [34m[Data] CPU temperature: 58376
[0m[11:45:50]: [34m[Data] Magnetometer temperature: 17000
[0m[11:45:51]: [34m[Data] Magnetometer measures:  0,208182	0,063636	-0,220408
[0m[11:45:51]: [34m[Data] Accelerometer measures: -0,008000	-0,004000	1,024000
[0m[11:45:51]: [34m[Data] General temperature: 31500
[0m[11:45:51]: [34m[Data] Camera temperature: 0
[0m[11:45:51]: [34m[Data] CPU temperature: 58376
[0m[11:45:51]: [34m[Data] Magnetometer temperature: 17000
[0mbufferfilename: ./images/image1410860751.raw
[11:45:51]: [35m[Image] Calling "imageConvert" to convert images/image.raw into images/image.bmp
[0mbufferfilename: ./images/image1410860751.raw
bufferfilename: ./images/image1410860751.raw
[ImageConvert] Converting images/image.raw into images/image.bmp
bufferfilename: ./images/image1410860751.raw
[11:45:52]: [34m[Data] Magnetometer measures:  0,208182	0,063636	-0,220408
[0m[11:45:52]: [34m[Data] Accelerometer measures: -0,008000	-0,004000	1,024000
[0m[11:45:52]: [34m[Data] General temperature: 31500
[0m[11:45:52]: [34m[Data] Camera temperature: 0
[0m[11:45:52]: [34m[Data] CPU temperature: 58376
[0m[11:45:52]: [34m[Data] Magnetometer temperature: 17000
[0m[11:45:52]: [34m[Data] Magnetometer measures:  0,208182	0,063636	-0,220408
[0m[11:45:52]: [34m[Data] Accelerometer measures: -0,008000	-0,004000	1,024000
[0m[11:45:52]: [34m[Data] General temperature: 31500
[0m[11:45:52]: [34m[Data] Camera temperature: 0
[0m[11:45:52]: [34m[Data] CPU temperature: 58376
[0m[11:45:52]: [34m[Data] Magnetometer temperature: 17000
[0m[11:45:53]: [34m[Data] Magnetometer measures:  0,210000	0,060909	-0,224490
[0m[11:45:53]: [34m[Data] Accelerometer measures: -0,012000	-0,016000	0,988000
[0m[11:45:53]: [34m[Data] General temperature: 31500
[0m[11:45:53]: [34m[Data] Camera temperature: 0
[0m[11:45:53]: [34m[Data] CPU temperature: 58914
[0m[11:45:53]: [34m[Data] Magnetometer temperature: 17000
[0mbufferfilename: ./images/image1410860753.raw
[11:45:53]: [35m[Image] Calling "imageConvert" to convert images/image.raw into images/image.bmp
[0mbufferfilename: ./images/image1410860753.raw
bufferfilename: ./images/image1410860753.raw
[ImageConvert] Converting images/image.raw into images/image.bmp
bufferfilename: ./images/image1410860753.raw
[11:45:54]: [34m[Data] Magnetometer measures:  0,210000	0,060909	-0,224490
[0m[11:45:54]: [34m[Data] Accelerometer measures: -0,012000	-0,016000	0,988000
[0m[11:45:54]: [34m[Data] General temperature: 31500
[0m[11:45:54]: [34m[Data] Camera temperature: 0
[0m[11:45:54]: [34m[Data] CPU temperature: 58914
[0m[11:45:54]: [34m[Data] Magnetometer temperature: 17000
[0m[11:45:54]: [34m[Data] Magnetometer measures:  0,210000	0,060909	-0,224490
[0m[11:45:54]: [34m[Data] Accelerometer measures: -0,012000	-0,016000	0,988000
[0m[11:45:54]: [34m[Data] General temperature: 31500
[0m[11:45:54]: [34m[Data] Camera temperature: 0
[0m[11:45:54]: [34m[Data] CPU temperature: 58914
[0m[11:45:54]: [34m[Data] Magnetometer temperature: 17000
[0m[11:45:55]: [34m[Data] Magnetometer measures:  0,208182	0,062727	-0,222449
[0m[11:45:55]: [34m[Data] Accelerometer measures: -0,012000	-0,012000	0,992000
[0m[11:45:55]: [34m[Data] General temperature: 31500
[0m[11:45:55]: [34m[Data] Camera temperature: 0
[0m[11:45:55]: [34m[Data] CPU temperature: 58376
[0m[11:45:55]: [34m[Data] Magnetometer temperature: 17000
[0mbufferfilename: ./images/image1410860755.raw
[11:45:55]: [35m[Image] Calling "imageConvert" to convert images/image.raw into images/image.bmp
[0mbufferfilename: ./images/image1410860755.raw
bufferfilename: ./images/image1410860755.raw
[ImageConvert] Converting images/image.raw into images/image.bmp
bufferfilename: ./images/image1410860755.raw
[11:45:56]: [34m[Data] Magnetometer measures:  0,208182	0,062727	-0,222449
[0m[11:45:56]: [34m[Data] Accelerometer measures: -0,012000	-0,012000	0,992000
[0m[11:45:56]: [34m[Data] General temperature: 31500
[0m[11:45:56]: [34m[Data] Camera temperature: 0
[0m[11:45:56]: [34m[Data] CPU temperature: 58376
[0m[11:45:56]: [34m[Data] Magnetometer temperature: 17000
[0m[11:45:56]: [34m[Data] Magnetometer measures:  0,208182	0,062727	-0,222449
[0m[11:45:56]: [34m[Data] Accelerometer measures: -0,012000	-0,012000	0,992000
[0m[11:45:56]: [34m[Data] General temperature: 31500
[0m[11:45:56]: [34m[Data] Camera temperature: 0
[0m[11:45:56]: [34m[Data] CPU temperature: 58376
[0m[11:45:56]: [34m[Data] Magnetometer temperature: 17000
[0m[11:45:57]: [34m[Data] Magnetometer measures:  0,210000	0,062727	-0,221429
[0m[11:45:57]: [34m[Data] Accelerometer measures: -0,012000	-0,016000	1,000000
[0m[11:45:57]: [34m[Data] General temperature: 31500
[0m[11:45:57]: [34m[Data] Camera temperature: 0
[0m[11:45:57]: [34m[Data] CPU temperature: 58376
[0m[11:45:57]: [34m[Data] Magnetometer temperature: 17000
[0mbufferfilename: ./images/image1410860758.raw
[11:45:58]: [35m[Image] Calling "imageConvert" to convert images/image.raw into images/image.bmp
[0mbufferfilename: ./images/image1410860758.raw
bufferfilename: ./images/image1410860758.raw
[ImageConvert] Converting images/image.raw into images/image.bmp
bufferfilename: ./images/image1410860758.raw
[11:45:58]: [34m[Data] Magnetometer measures:  0,210000	0,062727	-0,221429
[0m[11:45:58]: [34m[Data] Accelerometer measures: -0,012000	-0,016000	1,000000
[0m[11:45:58]: [34m[Data] General temperature: 31500
[0m[11:45:58]: [34m[Data] Camera temperature: 0
[0m[11:45:58]: [34m[Data] CPU temperature: 58376
[0m[11:45:58]: [34m[Data] Magnetometer temperature: 17000
[0m[11:45:59]: [34m[Data] Magnetometer measures:  0,210000	0,062727	-0,221429
[0m[11:45:59]: [34m[Data] Accelerometer measures: -0,012000	-0,016000	1,000000
[0m[11:45:59]: [34m[Data] General temperature: 31500
[0m[11:45:59]: [34m[Data] Camera temperature: 0
[0m[11:45:59]: [34m[Data] CPU temperature: 58376
[0m[11:45:59]: [34m[Data] Magnetometer temperature: 17000
[0m[11:45:59]: [34m[Data] Magnetometer measures:  0,205455	0,068182	-0,222449
[0m[11:45:59]: [34m[Data] Accelerometer measures: -0,012000	-0,012000	1,008000
[0m[11:45:59]: [34m[Data] General temperature: 31500
[0m[11:45:59]: [34m[Data] Camera temperature: 0
[0m[11:45:59]: [34m[Data] CPU temperature: 59451
[0m[11:45:59]: [34m[Data] Magnetometer temperature: 17000
[0mbufferfilename: ./images/image1410860760.raw
[11:46:00]: [35m[Image] Calling "imageConvert" to convert images/image.raw into images/image.bmp
[0mbufferfilename: ./images/image1410860760.raw
bufferfilename: ./images/image1410860760.raw
[ImageConvert] Converting images/image.raw into images/image.bmp
bufferfilename: ./images/image1410860760.raw
[11:46:00]: [34m[Data] Magnetometer measures:  0,205455	0,068182	-0,222449
[0m[11:46:00]: [34m[Data] Accelerometer measures: -0,012000	-0,012000	1,008000
[0m[11:46:00]: [34m[Data] General temperature: 31500
[0m[11:46:00]: [34m[Data] Camera temperature: 0
[0m[11:46:00]: [34m[Data] CPU temperature: 59451
[0m[11:46:00]: [34m[Data] Magnetometer temperature: 17000
[0m[11:46:01]: [34m[Data] Magnetometer measures:  0,205455	0,068182	-0,222449
[0m[11:46:01]: [34m[Data] Accelerometer measures: -0,012000	-0,012000	1,008000
[0m[11:46:01]: [34m[Data] General temperature: 31500
[0m[11:46:01]: [34m[Data] Camera temperature: 0
[0m[11:46:01]: [34m[Data] CPU temperature: 59451
[0m[11:46:01]: [34m[Data] Magnetometer temperature: 17000
[0m[11:46:01]: [34m[Data] Magnetometer measures:  0,210000	0,060909	-0,224490
[0m[11:46:01]: [34m[Data] Accelerometer measures: -0,012000	-0,016000	0,988000
[0m[11:46:01]: [34m[Data] General temperature: 31500
[0m[11:46:01]: [34m[Data] Camera temperature: 0
[0m[11:46:01]: [34m[Data] CPU temperature: 58376
[0m[11:46:01]: [34m[Data] Magnetometer temperature: 17000
[0mbufferfilename: ./images/image1410860762.raw
[11:46:02]: [35m[Image] Calling "imageConvert" to convert images/image.raw into images/image.bmp
[0mbufferfilename: ./images/image1410860762.raw
bufferfilename: ./images/image1410860762.raw
[ImageConvert] Converting images/image.raw into images/image.bmp
bufferfilename: ./images/image1410860762.raw
[11:46:02]: [34m[Data] Magnetometer measures:  0,210000	0,060909	-0,224490
[0m[11:46:02]: [34m[Data] Accelerometer measures: -0,012000	-0,016000	0,988000
[0m[11:46:02]: [34m[Data] General temperature: 31500
[0m[11:46:02]: [34m[Data] Camera temperature: 0
[0m[11:46:02]: [34m[Data] CPU temperature: 58376
[0m[11:46:02]: [34m[Data] Magnetometer temperature: 17000
[0m[11:46:03]: [34m[Data] Magnetometer measures:  0,210000	0,060909	-0,224490
[0m[11:46:03]: [34m[Data] Accelerometer measures: -0,012000	-0,016000	0,988000
[0m[11:46:03]: [34m[Data] General temperature: 31500
[0m[11:46:03]: [34m[Data] Camera temperature: 0
[0m[11:46:03]: [34m[Data] CPU temperature: 58376
[0m[11:46:03]: [34m[Data] Magnetometer temperature: 17000
[0m[11:46:03]: [34m[Data] Magnetometer measures:  0,210000	0,060909	-0,222449
[0m[11:46:03]: [34m[Data] Accelerometer measures: -0,016000	-0,024000	1,004000
[0m[11:46:03]: [34m[Data] General temperature: 31500
[0m[11:46:03]: [34m[Data] Camera temperature: 0
[0m[11:46:03]: [34m[Data] CPU temperature: 58376
[0m[11:46:03]: [34m[Data] Magnetometer temperature: 17000
[0mbufferfilename: ./images/image1410860764.raw
[11:46:04]: [35m[Image] Calling "imageConvert" to convert images/image.raw into images/image.bmp
[0mbufferfilename: ./images/image1410860764.raw
bufferfilename: ./images/image1410860764.raw
[ImageConvert] Converting images/image.raw into images/image.bmp
bufferfilename: ./images/image1410860764.raw
[11:46:04]: [34m[Data] Magnetometer measures:  0,210000	0,060909	-0,222449
[0m[11:46:04]: [34m[Data] Accelerometer measures: -0,016000	-0,024000	1,004000
[0m[11:46:04]: [34m[Data] General temperature: 31500
[0m[11:46:04]: [34m[Data] Camera temperature: 0
[0m[11:46:04]: [34m[Data] CPU temperature: 58376
[0m[11:46:04]: [34m[Data] Magnetometer temperature: 17000
[0m[11:46:05]: [34m[Data] Magnetometer measures:  0,210000	0,060909	-0,222449
[0m[11:46:05]: [34m[Data] Accelerometer measures: -0,016000	-0,024000	1,004000
[0m[11:46:05]: [34m[Data] General temperature: 31500
[0m[11:46:05]: [34m[Data] Camera temperature: 0
[0m[11:46:05]: [34m[Data] CPU temperature: 58376
[0m[11:46:05]: [34m[Data] Magnetometer temperature: 17000
[0m[11:46:05]: [34m[Data] Magnetometer measures:  0,210000	0,060909	-0,222449
[0m[11:46:05]: [34m[Data] Accelerometer measures: -0,008000	-0,020000	1,000000
[0m[11:46:05]: [34m[Data] General temperature: 31500
[0m[11:46:05]: [34m[Data] Camera temperature: 0
[0m[11:46:05]: [34m[Data] CPU temperature: 58376
[0m[11:46:05]: [34m[Data] Magnetometer temperature: 17000
[0mbufferfilename: ./images/image1410860766.raw
bufferfilename: ./images/image1410860766.raw
bufferfilename: ./images/image1410860766.raw
[11:46:06]: [35m[Image] Calling "imageConvert" to convert images/image.raw into images/image.bmp
[0m[ImageConvert] Converting images/image.raw into images/image.bmp
bufferfilename: ./images/image1410860766.raw
[11:46:06]: [34m[Data] Magnetometer measures:  0,210000	0,060909	-0,222449
[0m[11:46:06]: [34m[Data] Accelerometer measures: -0,008000	-0,020000	1,000000
[0m[11:46:06]: [34m[Data] General temperature: 31500
[0m[11:46:06]: [34m[Data] Camera temperature: 0
[0m[11:46:06]: [34m[Data] CPU temperature: 58376
[0m[11:46:06]: [34m[Data] Magnetometer temperature: 17000
[0m[11:46:07]: [34m[Data] Magnetometer measures:  0,210000	0,060909	-0,222449
[0m[11:46:07]: [34m[Data] Accelerometer measures: -0,008000	-0,020000	1,000000
[0m[11:46:07]: [34m[Data] General temperature: 31500
[0m[11:46:07]: [34m[Data] Camera temperature: 0
[0m[11:46:07]: [34m[Data] CPU temperature: 58376
[0m[11:46:07]: [34m[Data] Magnetometer temperature: 17000
[0m[11:46:07]: [34m[Data] Magnetometer measures:  0,209091	0,061818	-0,225510
[0m[11:46:07]: [34m[Data] Accelerometer measures: -0,008000	-0,020000	0,988000
[0m[11:46:07]: [34m[Data] General temperature: 31500
[0m[11:46:07]: [34m[Data] Camera temperature: 0
[0m[11:46:07]: [34m[Data] CPU temperature: 58914
[0m[11:46:07]: [34m[Data] Magnetometer temperature: 17000
[0mbufferfilename: ./images/image1410860768.raw
[11:46:08]: [35m[Image] Calling "imageConvert" to convert images/image.raw into images/image.bmp
[0mbufferfilename: ./images/image1410860768.raw
bufferfilename: ./images/image1410860768.raw
[ImageConvert] Converting images/image.raw into images/image.bmp
bufferfilename: ./images/image1410860768.raw
[11:46:09]: [34m[Data] Magnetometer measures:  0,209091	0,061818	-0,225510
[0m[11:46:09]: [34m[Data] Accelerometer measures: -0,008000	-0,020000	0,988000
[0m[11:46:09]: [34m[Data] General temperature: 31500
[0m[11:46:09]: [34m[Data] Camera temperature: 0
[0m[11:46:09]: [34m[Data] CPU temperature: 58914
[0m[11:46:09]: [34m[Data] Magnetometer temperature: 17000
[0m[11:46:09]: [34m[Data] Magnetometer measures:  0,210000	0,062727	-0,219388
[0m[11:46:09]: [34m[Data] Accelerometer measures: -0,012000	-0,020000	0,996000
[0m[11:46:09]: [34m[Data] General temperature: 31500
[0m[11:46:09]: [34m[Data] Camera temperature: 0
[0m[11:46:09]: [34m[Data] CPU temperature: 58376
[0m[11:46:09]: [34m[Data] Magnetometer temperature: 17000
[0m[11:46:10]: [34m[Data] Magnetometer measures:  0,210000	0,062727	-0,219388
[0m[11:46:10]: [34m[Data] Accelerometer measures: -0,012000	-0,020000	0,996000
[0m[11:46:10]: [34m[Data] General temperature: 31500
[0m[11:46:10]: [34m[Data] Camera temperature: 0
[0m[11:46:10]: [34m[Data] CPU temperature: 58376
[0m[11:46:10]: [34m[Data] Magnetometer temperature: 17000
[0mbufferfilename: ./images/image1410860770.raw
[11:46:10]: [35m[Image] Calling "imageConvert" to convert images/image.raw into images/image.bmp
[0mbufferfilename: ./images/image1410860770.raw
bufferfilename: ./images/image1410860770.raw
[ImageConvert] Converting images/image.raw into images/image.bmp
bufferfilename: ./images/image1410860770.raw
[11:46:11]: [34m[Data] Magnetometer measures:  0,210000	0,062727	-0,219388
[0m[11:46:11]: [34m[Data] Accelerometer measures: -0,012000	-0,020000	0,996000
[0m[11:46:11]: [34m[Data] General temperature: 31500
[0m[11:46:11]: [34m[Data] Camera temperature: 0
[0m[11:46:11]: [34m[Data] CPU temperature: 58376
[0m[11:46:11]: [34m[Data] Magnetometer temperature: 17000
[0m[11:46:12]: [34m[Data] Magnetometer measures:  0,208182	0,061818	-0,223469
[0m[11:46:12]: [34m[Data] Accelerometer measures: -0,008000	-0,012000	1,004000
[0m[11:46:12]: [34m[Data] General temperature: 31500
[0m[11:46:12]: [34m[Data] Camera temperature: 0
[0m[11:46:12]: [34m[Data] CPU temperature: 58376
[0m[11:46:12]: [34m[Data] Magnetometer temperature: 17000
[0m[11:46:12]: [34m[Data] Magnetometer measures:  0,208182	0,061818	-0,223469
[0m[11:46:12]: [34m[Data] Accelerometer measures: -0,008000	-0,012000	1,004000
[0m[11:46:12]: [34m[Data] General temperature: 31500
[0m[11:46:12]: [34m[Data] Camera temperature: 0
[0m[11:46:12]: [34m[Data] CPU temperature: 58376
[0m[11:46:12]: [34m[Data] Magnetometer temperature: 17000
[0mbufferfilename: ./images/image1410860773.raw
[11:46:13]: [35m[Image] Calling "imageConvert" to convert images/image.raw into images/image.bmp
[0mbufferfilename: ./images/image1410860773.raw
bufferfilename: ./images/image1410860773.raw
[ImageConvert] Converting images/image.raw into images/image.bmp
bufferfilename: ./images/image1410860773.raw
[11:46:13]: [34m[Data] Magnetometer measures:  0,207273	0,060909	-0,225510
[0m[11:46:13]: [34m[Data] Accelerometer measures: -0,016000	-0,012000	1,004000
[0m[11:46:13]: [34m[Data] General temperature: 31500
[0m[11:46:13]: [34m[Data] Camera temperature: 0
[0m[11:46:13]: [34m[Data] CPU temperature: 58376
[0m[11:46:13]: [34m[Data] Magnetometer temperature: 17000
[0m[11:46:14]: [34m[Data] Magnetometer measures:  0,207273	0,060909	-0,225510
[0m[11:46:14]: [34m[Data] Accelerometer measures: -0,016000	-0,012000	1,004000
[0m[11:46:14]: [34m[Data] General temperature: 31500
[0m[11:46:14]: [34m[Data] Camera temperature: 0
[0m[11:46:14]: [34m[Data] CPU temperature: 58376
[0m[11:46:14]: [34m[Data] Magnetometer temperature: 17000
[0m[11:46:14]: [34m[Data] Magnetometer measures:  0,207273	0,060909	-0,225510
[0m[11:46:14]: [34m[Data] Accelerometer measures: -0,016000	-0,012000	1,004000
[0m[11:46:14]: [34m[Data] General temperature: 31500
[0m[11:46:14]: [34m[Data] Camera temperature: 0
[0m[11:46:14]: [34m[Data] CPU temperature: 58376
[0m[11:46:14]: [34m[Data] Magnetometer temperature: 17000
[0mbufferfilename: ./images/image1410860775.raw
[11:46:15]: [35m[Image] Calling "imageConvert" to convert images/image.raw into images/image.bmp
[0mbufferfilename: ./images/image1410860775.raw
bufferfilename: ./images/image1410860775.raw
[ImageConvert] Converting images/image.raw into images/image.bmp
bufferfilename: ./images/image1410860775.raw
[11:46:15]: [34m[Data] Magnetometer measures:  0,207273	0,062727	-0,220408
[0m[11:46:15]: [34m[Data] Accelerometer measures: -0,008000	-0,016000	1,004000
[0m[11:46:15]: [34m[Data] General temperature: 31500
[0m[11:46:15]: [34m[Data] Camera temperature: 0
[0m[11:46:15]: [34m[Data] CPU temperature: 58376
[0m[11:46:15]: [34m[Data] Magnetometer temperature: 17000
[0m[11:46:16]: [34m[Data] Magnetometer measures:  0,207273	0,062727	-0,220408
[0m[11:46:16]: [34m[Data] Accelerometer measures: -0,008000	-0,016000	1,004000
[0m[11:46:16]: [34m[Data] General temperature: 31500
[0m[11:46:16]: [34m[Data] Camera temperature: 0
[0m[11:46:16]: [34m[Data] CPU temperature: 58376
[0m[11:46:16]: [34m[Data] Magnetometer temperature: 17000
[0m[11:46:16]: [34m[Data] Magnetometer measures:  0,207273	0,062727	-0,220408
[0m[11:46:16]: [34m[Data] Accelerometer measures: -0,008000	-0,016000	1,004000
[0m[11:46:16]: [34m[Data] General temperature: 31500
[0m[11:46:16]: [34m[Data] Camera temperature: 0
[0m[11:46:16]: [34m[Data] CPU temperature: 58376
[0m[11:46:16]: [34m[Data] Magnetometer temperature: 17000
[0mbufferfilename: ./images/image1410860777.raw
[11:46:17]: [35m[Image] Calling "imageConvert" to convert images/image.raw into images/image.bmp
[0mbufferfilename: ./images/image1410860777.raw
bufferfilename: ./images/image1410860777.raw
[ImageConvert] Converting images/image.raw into images/image.bmp
bufferfilename: ./images/image1410860777.raw
[11:46:17]: [34m[Data] Magnetometer measures:  0,205455	0,063636	-0,222449
[0m[11:46:17]: [34m[Data] Accelerometer measures: -0,008000	-0,020000	0,984000
[0m[11:46:17]: [34m[Data] General temperature: 31500
[0m[11:46:17]: [34m[Data] Camera temperature: 0
[0m[11:46:17]: [34m[Data] CPU temperature: 58376
[0m[11:46:17]: [34m[Data] Magnetometer temperature: 17000
[0m[11:46:18]: [34m[Data] Magnetometer measures:  0,205455	0,063636	-0,222449
[0m[11:46:18]: [34m[Data] Accelerometer measures: -0,008000	-0,020000	0,984000
[0m[11:46:18]: [34m[Data] General temperature: 31500
[0m[11:46:18]: [34m[Data] Camera temperature: 0
[0m[11:46:18]: [34m[Data] CPU temperature: 58376
[0m[11:46:18]: [34m[Data] Magnetometer temperature: 17000
[0m[11:46:18]: [34m[Data] Magnetometer measures:  0,205455	0,063636	-0,222449
[0m[11:46:18]: [34m[Data] Accelerometer measures: -0,008000	-0,020000	0,984000
[0m[11:46:18]: [34m[Data] General temperature: 31500
[0m[11:46:18]: [34m[Data] Camera temperature: 0
[0m[11:46:18]: [34m[Data] CPU temperature: 58376
[0m[11:46:18]: [34m[Data] Magnetometer temperature: 17000
[0mbufferfilename: ./images/image1410860779.raw
[11:46:19]: [35m[Image] Calling "imageConvert" to convert images/image.raw into images/image.bmp
[0mbufferfilename: ./images/image1410860779.raw
bufferfilename: ./images/image1410860779.raw
[ImageConvert] Converting images/image.raw into images/image.bmp
bufferfilename: ./images/image1410860779.raw
[11:46:19]: [34m[Data] Magnetometer measures:  0,206364	0,059091	-0,220408
[0m[11:46:19]: [34m[Data] Accelerometer measures: -0,012000	-0,012000	0,996000
[0m[11:46:19]: [34m[Data] General temperature: 31500
[0m[11:46:19]: [34m[Data] Camera temperature: 0
[0m[11:46:19]: [34m[Data] CPU temperature: 58376
[0m[11:46:19]: [34m[Data] Magnetometer temperature: 17000
[0m[11:46:20]: [34m[Data] Magnetometer measures:  0,206364	0,059091	-0,220408
[0m[11:46:20]: [34m[Data] Accelerometer measures: -0,012000	-0,012000	0,996000
[0m[11:46:20]: [34m[Data] General temperature: 31500
[0m[11:46:20]: [34m[Data] Camera temperature: 0
[0m[11:46:20]: [34m[Data] CPU temperature: 58376
[0m[11:46:20]: [34m[Data] Magnetometer temperature: 17000
[0m[11:46:20]: [34m[Data] Magnetometer measures:  0,206364	0,059091	-0,220408
[0m[11:46:20]: [34m[Data] Accelerometer measures: -0,012000	-0,012000	0,996000
[0m[11:46:20]: [34m[Data] General temperature: 31500
[0m[11:46:20]: [34m[Data] Camera temperature: 0
[0m[11:46:20]: [34m[Data] CPU temperature: 58376
[0m[11:46:20]: [34m[Data] Magnetometer temperature: 17000
[0mbufferfilename: ./images/image1410860781.raw
[11:46:21]: [35m[Image] Calling "imageConvert" to convert images/image.raw into images/image.bmp
[0mbufferfilename: ./images/image1410860781.raw
bufferfilename: ./images/image1410860781.raw
[ImageConvert] Converting images/image.raw into images/image.bmp
bufferfilename: ./images/image1410860781.raw
[11:46:22]: [34m[Data] Magnetometer measures:  0,206364	0,059091	-0,220408
[0m[11:46:22]: [34m[Data] Accelerometer measures: -0,020000	-0,020000	0,992000
[0m[11:46:22]: [34m[Data] General temperature: 31500
[0m[11:46:22]: [34m[Data] Camera temperature: 0
[0m[11:46:22]: [34m[Data] CPU temperature: 58376
[0m[11:46:22]: [34m[Data] Magnetometer temperature: 17000
[0m[11:46:22]: [34m[Data] Magnetometer measures:  0,208182	0,061818	-0,224490
[0m[11:46:22]: [34m[Data] Accelerometer measures: -0,020000	-0,020000	0,992000
[0m[11:46:22]: [34m[Data] General temperature: 31500
[0m[11:46:22]: [34m[Data] Camera temperature: 0
[0m[11:46:22]: [34m[Data] CPU temperature: 58376
[0m[11:46:22]: [34m[Data] Magnetometer temperature: 17000
[0m[11:46:23]: [34m[Data] Magnetometer measures:  0,208182	0,061818	-0,224490
[0m[11:46:23]: [34m[Data] Accelerometer measures: -0,020000	-0,020000	0,992000
[0m[11:46:23]: [34m[Data] General temperature: 31500
[0m[11:46:23]: [34m[Data] Camera temperature: 0
[0m[11:46:23]: [34m[Data] CPU temperature: 58376
[0m[11:46:23]: [34m[Data] Magnetometer temperature: 17000
[0mbufferfilename: ./images/image1410860783.raw
[11:46:23]: [35m[Image] Calling "imageConvert" to convert images/image.raw into images/image.bmp
[0mbufferfilename: ./images/image1410860783.raw
bufferfilename: ./images/image1410860783.raw
[ImageConvert] Converting images/image.raw into images/image.bmp
